Arguments: 
  /home/ahsan1871/.nvm/versions/node/v16.20.0/bin/node /home/ahsan1871/.nvm/versions/node/v16.20.0/bin/yarn

PATH: 
  /home/ahsan1871/.nvm/versions/node/v16.20.0/bin:/usr/local/sbin:/usr/local/bin:/usr/sbin:/usr/bin:/sbin:/bin:/usr/games:/usr/local/games:/snap/bin:/snap/bin

Yarn version: 
  1.22.19

Node version: 
  16.20.0

Platform: 
  linux x64

Trace: 
  Error: getaddrinfo EAI_AGAIN registry.yarnpkg.com
      at GetAddrInfoReqWrap.onlookup [as oncomplete] (node:dns:109:26)

npm manifest: 
  {
    "name": "assignment2",
    "version": "1.0.0",
    "description": "",
    "main": "server.ts",
    "scripts": {
      "test": "echo \"Error: no test specified\" && exit 1",
      "dev": "ts-node-dev --respawn --transpile-only src/server.ts"
    },
    "author": "",
    "license": "ISC",
    "devDependencies": {
      "@types/cors": "^2.8.13",
      "@types/express": "^4.17.17",
      "ts-node-dev": "^2.0.0",
      "typescript": "^5.0.4"
    },
    "dependencies": {
      "cors": "^2.8.5",
      "express": "^4.18.2",
      "mongoose": "^7.1.1"
    }
  }

yarn manifest: 
  No manifest

Lockfile: 
  No lockfile
